# JRE version: OpenJDK Runtime Environment (8.0_242-b01) (build 1.8.0_242-release-1644-b01)
# Java VM: OpenJDK 64-Bit Server VM (25.242-b01 mixed mode windows-amd64 compressed oops)
Heap:
 PSYoungGen      total 200704K, used 3449K [0x00000000d5580000, 0x00000000e2c80000, 0x0000000100000000)
  eden space 184832K, 1% used [0x00000000d5580000,0x00000000d58de668,0x00000000e0a00000)
  from space 15872K, 0% used [0x00000000e0a00000,0x00000000e0a00000,0x00000000e1980000)
  to   space 14848K, 0% used [0x00000000e1980000,0x00000000e1980000,0x00000000e2800000)
 ParOldGen       total 90112K, used 28526K [0x0000000080000000, 0x0000000085800000, 0x00000000d5580000)
  object space 90112K, 31% used [0x0000000080000000,0x0000000081bdb948,0x0000000085800000)
 Metaspace       used 49837K, capacity 51534K, committed 51880K, reserved 1095680K
  class space    used 6652K, capacity 7016K, committed 7080K, reserved 1048576K
GC Heap History (10 events):
Event: 42.537 GC heap before
{Heap before GC invocations=8 (full 1):
 PSYoungGen      total 121344K, used 112417K [0x00000000d5580000, 0x00000000dec00000, 0x0000000100000000)
  eden space 113152K, 92% used [0x00000000d5580000,0x00000000dbb68db0,0x00000000dc400000)
  from space 8192K, 98% used [0x00000000de400000,0x00000000debdf908,0x00000000dec00000)
  to   space 12800K, 0% used [0x00000000dd300000,0x00000000dd300000,0x00000000ddf80000)
 ParOldGen       total 60928K, used 11758K [0x0000000080000000, 0x0000000083b80000, 0x00000000d5580000)
  object space 60928K, 19% used [0x0000000080000000,0x0000000080b7b820,0x0000000083b80000)
 Metaspace       used 34404K, capacity 35386K, committed 35496K, reserved 1079296K
  class space    used 4680K, capacity 4942K, committed 5032K, reserved 1048576K
Event: 42.566 GC heap after
Heap after GC invocations=8 (full 1):
 PSYoungGen      total 141312K, used 12661K [0x00000000d5580000, 0x00000000e2800000, 0x0000000100000000)
  eden space 128512K, 0% used [0x00000000d5580000,0x00000000d5580000,0x00000000dd300000)
  from space 12800K, 98% used [0x00000000dd300000,0x00000000ddf5d6f8,0x00000000ddf80000)
  to   space 14848K, 0% used [0x00000000e1980000,0x00000000e1980000,0x00000000e2800000)
 ParOldGen       total 60928K, used 11766K [0x0000000080000000, 0x0000000083b80000, 0x00000000d5580000)
  object space 60928K, 19% used [0x0000000080000000,0x0000000080b7d820,0x0000000083b80000)
 Metaspace       used 34404K, capacity 35386K, committed 35496K, reserved 1079296K
  class space    used 4680K, capacity 4942K, committed 5032K, reserved 1048576K
}
Event: 42.568 GC heap before
{Heap before GC invocations=9 (full 2):
 PSYoungGen      total 141312K, used 12661K [0x00000000d5580000, 0x00000000e2800000, 0x0000000100000000)
  eden space 128512K, 0% used [0x00000000d5580000,0x00000000d5580000,0x00000000dd300000)
  from space 12800K, 98% used [0x00000000dd300000,0x00000000ddf5d6f8,0x00000000ddf80000)
  to   space 14848K, 0% used [0x00000000e1980000,0x00000000e1980000,0x00000000e2800000)
 ParOldGen       total 60928K, used 11766K [0x0000000080000000, 0x0000000083b80000, 0x00000000d5580000)
  object space 60928K, 19% used [0x0000000080000000,0x0000000080b7d820,0x0000000083b80000)
 Metaspace       used 34404K, capacity 35386K, committed 35496K, reserved 1079296K
  class space    used 4680K, capacity 4942K, committed 5032K, reserved 1048576K
Event: 42.834 GC heap after
Heap after GC invocations=9 (full 2):
 PSYoungGen      total 141312K, used 0K [0x00000000d5580000, 0x00000000e2800000, 0x0000000100000000)
  eden space 128512K, 0% used [0x00000000d5580000,0x00000000d5580000,0x00000000dd300000)
  from space 12800K, 0% used [0x00000000dd300000,0x00000000dd300000,0x00000000ddf80000)
  to   space 14848K, 0% used [0x00000000e1980000,0x00000000e1980000,0x00000000e2800000)
 ParOldGen       total 90112K, used 19564K [0x0000000080000000, 0x0000000085800000, 0x00000000d5580000)
  object space 90112K, 21% used [0x0000000080000000,0x000000008131b0e8,0x0000000085800000)
 Metaspace       used 34404K, capacity 35386K, committed 35496K, reserved 1079296K
  class space    used 4680K, capacity 4942K, committed 5032K, reserved 1048576K
}
Event: 48.599 GC heap before
{Heap before GC invocations=10 (full 2):
 PSYoungGen      total 141312K, used 128512K [0x00000000d5580000, 0x00000000e2800000, 0x0000000100000000)
  eden space 128512K, 100% used [0x00000000d5580000,0x00000000dd300000,0x00000000dd300000)
  from space 12800K, 0% used [0x00000000dd300000,0x00000000dd300000,0x00000000ddf80000)
  to   space 14848K, 0% used [0x00000000e1980000,0x00000000e1980000,0x00000000e2800000)
 ParOldGen       total 90112K, used 19564K [0x0000000080000000, 0x0000000085800000, 0x00000000d5580000)
  object space 90112K, 21% used [0x0000000080000000,0x000000008131b0e8,0x0000000085800000)
 Metaspace       used 43377K, capacity 45008K, committed 45224K, reserved 1087488K
  class space    used 5856K, capacity 6249K, committed 6312K, reserved 1048576K
Event: 48.629 GC heap after
Heap after GC invocations=10 (full 2):
 PSYoungGen      total 199680K, used 12325K [0x00000000d5580000, 0x00000000e2c80000, 0x0000000100000000)
  eden space 184832K, 0% used [0x00000000d5580000,0x00000000d5580000,0x00000000e0a00000)
  from space 14848K, 83% used [0x00000000e1980000,0x00000000e25895d8,0x00000000e2800000)
  to   space 15872K, 0% used [0x00000000e0a00000,0x00000000e0a00000,0x00000000e1980000)
 ParOldGen       total 90112K, used 19572K [0x0000000080000000, 0x0000000085800000, 0x00000000d5580000)
  object space 90112K, 21% used [0x0000000080000000,0x000000008131d0e8,0x0000000085800000)
 Metaspace       used 43377K, capacity 45008K, committed 45224K, reserved 1087488K
  class space    used 5856K, capacity 6249K, committed 6312K, reserved 1048576K
}
Event: 50.844 GC heap before
{Heap before GC invocations=11 (full 2):
 PSYoungGen      total 199680K, used 85021K [0x00000000d5580000, 0x00000000e2c80000, 0x0000000100000000)
  eden space 184832K, 39% used [0x00000000d5580000,0x00000000d9c7de80,0x00000000e0a00000)
  from space 14848K, 83% used [0x00000000e1980000,0x00000000e25895d8,0x00000000e2800000)
  to   space 15872K, 0% used [0x00000000e0a00000,0x00000000e0a00000,0x00000000e1980000)
 ParOldGen       total 90112K, used 19572K [0x0000000080000000, 0x0000000085800000, 0x00000000d5580000)
  object space 90112K, 21% used [0x0000000080000000,0x000000008131d0e8,0x0000000085800000)
 Metaspace       used 48950K, capacity 50662K, committed 50856K, reserved 1097728K
  class space    used 6567K, capacity 6956K, committed 7080K, reserved 1048576K
Event: 50.864 GC heap after
Heap after GC invocations=11 (full 2):
 PSYoungGen      total 200704K, used 14038K [0x00000000d5580000, 0x00000000e2c80000, 0x0000000100000000)
  eden space 184832K, 0% used [0x00000000d5580000,0x00000000d5580000,0x00000000e0a00000)
  from space 15872K, 88% used [0x00000000e0a00000,0x00000000e17b5878,0x00000000e1980000)
  to   space 14848K, 0% used [0x00000000e1980000,0x00000000e1980000,0x00000000e2800000)
 ParOldGen       total 90112K, used 19580K [0x0000000080000000, 0x0000000085800000, 0x00000000d5580000)
  object space 90112K, 21% used [0x0000000080000000,0x000000008131f0e8,0x0000000085800000)
 Metaspace       used 48950K, capacity 50662K, committed 50856K, reserved 1097728K
  class space    used 6567K, capacity 6956K, committed 7080K, reserved 1048576K
}
Event: 50.864 GC heap before
{Heap before GC invocations=12 (full 3):
 PSYoungGen      total 200704K, used 14038K [0x00000000d5580000, 0x00000000e2c80000, 0x0000000100000000)
  eden space 184832K, 0% used [0x00000000d5580000,0x00000000d5580000,0x00000000e0a00000)
  from space 15872K, 88% used [0x00000000e0a00000,0x00000000e17b5878,0x00000000e1980000)
  to   space 14848K, 0% used [0x00000000e1980000,0x00000000e1980000,0x00000000e2800000)
 ParOldGen       total 90112K, used 19580K [0x0000000080000000, 0x0000000085800000, 0x00000000d5580000)
  object space 90112K, 21% used [0x0000000080000000,0x000000008131f0e8,0x0000000085800000)
 Metaspace       used 48950K, capacity 50662K, committed 50856K, reserved 1097728K
  class space    used 6567K, capacity 6956K, committed 7080K, reserved 1048576K
Event: 51.220 GC heap after
Heap after GC invocations=12 (full 3):
 PSYoungGen      total 200704K, used 0K [0x00000000d5580000, 0x00000000e2c80000, 0x0000000100000000)
  eden space 184832K, 0% used [0x00000000d5580000,0x00000000d5580000,0x00000000e0a00000)
  from space 15872K, 0% used [0x00000000e0a00000,0x00000000e0a00000,0x00000000e1980000)
  to   space 14848K, 0% used [0x00000000e1980000,0x00000000e1980000,0x00000000e2800000)
 ParOldGen       total 90112K, used 28526K [0x0000000080000000, 0x0000000085800000, 0x00000000d5580000)
  object space 90112K, 31% used [0x0000000080000000,0x0000000081bdb948,0x0000000085800000)
 Metaspace       used 48943K, capacity 50638K, committed 50856K, reserved 1095680K
  class space    used 6565K, capacity 6952K, committed 7080K, reserved 1048576K
}

